<?xml version="1.0" encoding="UTF-8"?>
<!-- Generated by org.testng.reporters.JUnitReportReporter -->
<testsuite skipped="0" hostname="Admin-PC" name="abc.RunTest" tests="1" failures="0" timestamp="17 Jul 2019 10:25:35 GMT" time="0.010" errors="0">
  <testcase name="mavenTest" time="0.010" classname="abc.RunTest"/>
</testsuite> <!-- abc.RunTest -->
