<?xml version="1.0" encoding="UTF-8"?>
<!-- Generated by org.testng.reporters.JUnitReportReporter -->
<testsuite hostname="Admin-PC" name="abc.RunTest" tests="1" failures="0" timestamp="17 Jul 2019 11:43:46 GMT" time="0.008" errors="0">
  <testcase name="mavenTest" time="0.008" classname="abc.RunTest"/>
</testsuite> <!-- abc.RunTest -->
